# JRE version: OpenJDK Runtime Environment (Zulu 8.68.0.21-CA-win64) (8.0_362-b09) (build 1.8.0_362-b09)
# Java VM: OpenJDK 64-Bit Server VM (25.362-b09 mixed mode windows-amd64 compressed oops)
Heap:
 PSYoungGen      total 148992K, used 123192K [0x00000000d5580000, 0x00000000df580000, 0x0000000100000000)
  eden space 142336K, 81% used [0x00000000d5580000,0x00000000dc754720,0x00000000de080000)
  from space 6656K, 99% used [0x00000000dea00000,0x00000000df079a70,0x00000000df080000)
  to   space 9728K, 0% used [0x00000000de080000,0x00000000de080000,0x00000000dea00000)
 ParOldGen       total 34304K, used 16068K [0x0000000080000000, 0x0000000082180000, 0x00000000d5580000)
  object space 34304K, 46% used [0x0000000080000000,0x0000000080fb12c0,0x0000000082180000)
 Metaspace       used 33977K, capacity 34982K, committed 35200K, reserved 1079296K
  class space    used 4139K, capacity 4457K, committed 4480K, reserved 1048576K
GC Heap History (10 events):
Event: 8.865 GC heap before
{Heap before GC invocations=9 (full 0):
 PSYoungGen      total 69632K, used 68852K [0x00000000d5580000, 0x00000000d9d80000, 0x0000000100000000)
  eden space 65536K, 100% used [0x00000000d5580000,0x00000000d9580000,0x00000000d9580000)
  from space 4096K, 80% used [0x00000000d9980000,0x00000000d9cbd248,0x00000000d9d80000)
  to   space 4096K, 0% used [0x00000000d9580000,0x00000000d9580000,0x00000000d9980000)
 ParOldGen       total 44032K, used 5955K [0x0000000080000000, 0x0000000082b00000, 0x00000000d5580000)
  object space 44032K, 13% used [0x0000000080000000,0x00000000805d0e58,0x0000000082b00000)
 Metaspace       used 20314K, capacity 20612K, committed 20864K, reserved 1067008K
  class space    used 2256K, capacity 2379K, committed 2432K, reserved 1048576K
Event: 8.911 GC heap after
Heap after GC invocations=9 (full 0):
 PSYoungGen      total 69632K, used 4086K [0x00000000d5580000, 0x00000000dc700000, 0x0000000100000000)
  eden space 65536K, 0% used [0x00000000d5580000,0x00000000d5580000,0x00000000d9580000)
  from space 4096K, 99% used [0x00000000d9580000,0x00000000d997da40,0x00000000d9980000)
  to   space 5632K, 0% used [0x00000000dc180000,0x00000000dc180000,0x00000000dc700000)
 ParOldGen       total 44032K, used 8513K [0x0000000080000000, 0x0000000082b00000, 0x00000000d5580000)
  object space 44032K, 19% used [0x0000000080000000,0x0000000080850590,0x0000000082b00000)
 Metaspace       used 20314K, capacity 20612K, committed 20864K, reserved 1067008K
  class space    used 2256K, capacity 2379K, committed 2432K, reserved 1048576K
}
Event: 9.429 GC heap before
{Heap before GC invocations=10 (full 0):
 PSYoungGen      total 69632K, used 25020K [0x00000000d5580000, 0x00000000dc700000, 0x0000000100000000)
  eden space 65536K, 31% used [0x00000000d5580000,0x00000000d69f1700,0x00000000d9580000)
  from space 4096K, 99% used [0x00000000d9580000,0x00000000d997da40,0x00000000d9980000)
  to   space 5632K, 0% used [0x00000000dc180000,0x00000000dc180000,0x00000000dc700000)
 ParOldGen       total 44032K, used 8513K [0x0000000080000000, 0x0000000082b00000, 0x00000000d5580000)
  object space 44032K, 19% used [0x0000000080000000,0x0000000080850590,0x0000000082b00000)
 Metaspace       used 20828K, capacity 21092K, committed 21296K, reserved 1069056K
  class space    used 2310K, capacity 2432K, committed 2432K, reserved 1048576K
Event: 9.448 GC heap after
Heap after GC invocations=10 (full 0):
 PSYoungGen      total 110592K, used 2188K [0x00000000d5580000, 0x00000000dc700000, 0x0000000100000000)
  eden space 104960K, 0% used [0x00000000d5580000,0x00000000d5580000,0x00000000dbc00000)
  from space 5632K, 38% used [0x00000000dc180000,0x00000000dc3a3230,0x00000000dc700000)
  to   space 5632K, 0% used [0x00000000dbc00000,0x00000000dbc00000,0x00000000dc180000)
 ParOldGen       total 44032K, used 10719K [0x0000000080000000, 0x0000000082b00000, 0x00000000d5580000)
  object space 44032K, 24% used [0x0000000080000000,0x0000000080a77fb8,0x0000000082b00000)
 Metaspace       used 20828K, capacity 21092K, committed 21296K, reserved 1069056K
  class space    used 2310K, capacity 2432K, committed 2432K, reserved 1048576K
}
Event: 9.448 GC heap before
{Heap before GC invocations=11 (full 1):
 PSYoungGen      total 110592K, used 2188K [0x00000000d5580000, 0x00000000dc700000, 0x0000000100000000)
  eden space 104960K, 0% used [0x00000000d5580000,0x00000000d5580000,0x00000000dbc00000)
  from space 5632K, 38% used [0x00000000dc180000,0x00000000dc3a3230,0x00000000dc700000)
  to   space 5632K, 0% used [0x00000000dbc00000,0x00000000dbc00000,0x00000000dc180000)
 ParOldGen       total 44032K, used 10719K [0x0000000080000000, 0x0000000082b00000, 0x00000000d5580000)
  object space 44032K, 24% used [0x0000000080000000,0x0000000080a77fb8,0x0000000082b00000)
 Metaspace       used 20828K, capacity 21092K, committed 21296K, reserved 1069056K
  class space    used 2310K, capacity 2432K, committed 2432K, reserved 1048576K
Event: 9.551 GC heap after
Heap after GC invocations=11 (full 1):
 PSYoungGen      total 110592K, used 0K [0x00000000d5580000, 0x00000000dc700000, 0x0000000100000000)
  eden space 104960K, 0% used [0x00000000d5580000,0x00000000d5580000,0x00000000dbc00000)
  from space 5632K, 0% used [0x00000000dc180000,0x00000000dc180000,0x00000000dc700000)
  to   space 5632K, 0% used [0x00000000dbc00000,0x00000000dbc00000,0x00000000dc180000)
 ParOldGen       total 34304K, used 9218K [0x0000000080000000, 0x0000000082180000, 0x00000000d5580000)
  object space 34304K, 26% used [0x0000000080000000,0x0000000080900a88,0x0000000082180000)
 Metaspace       used 20828K, capacity 21092K, committed 21296K, reserved 1069056K
  class space    used 2310K, capacity 2432K, committed 2432K, reserved 1048576K
}
Event: 12.431 GC heap before
{Heap before GC invocations=12 (full 1):
 PSYoungGen      total 110592K, used 104960K [0x00000000d5580000, 0x00000000dc700000, 0x0000000100000000)
  eden space 104960K, 100% used [0x00000000d5580000,0x00000000dbc00000,0x00000000dbc00000)
  from space 5632K, 0% used [0x00000000dc180000,0x00000000dc180000,0x00000000dc700000)
  to   space 5632K, 0% used [0x00000000dbc00000,0x00000000dbc00000,0x00000000dc180000)
 ParOldGen       total 34304K, used 9218K [0x0000000080000000, 0x0000000082180000, 0x00000000d5580000)
  object space 34304K, 26% used [0x0000000080000000,0x0000000080900a88,0x0000000082180000)
 Metaspace       used 23329K, capacity 23782K, committed 24192K, reserved 1071104K
  class space    used 2683K, capacity 2859K, committed 2944K, reserved 1048576K
Event: 12.466 GC heap after
Heap after GC invocations=12 (full 1):
 PSYoungGen      total 110592K, used 5605K [0x00000000d5580000, 0x00000000df080000, 0x0000000100000000)
  eden space 104960K, 0% used [0x00000000d5580000,0x00000000d5580000,0x00000000dbc00000)
  from space 5632K, 99% used [0x00000000dbc00000,0x00000000dc179598,0x00000000dc180000)
  to   space 6656K, 0% used [0x00000000dea00000,0x00000000dea00000,0x00000000df080000)
 ParOldGen       total 34304K, used 10011K [0x0000000080000000, 0x0000000082180000, 0x00000000d5580000)
  object space 34304K, 29% used [0x0000000080000000,0x00000000809c6eb8,0x0000000082180000)
 Metaspace       used 23329K, capacity 23782K, committed 24192K, reserved 1071104K
  class space    used 2683K, capacity 2859K, committed 2944K, reserved 1048576K
}
Event: 17.607 GC heap before
{Heap before GC invocations=13 (full 1):
 PSYoungGen      total 110592K, used 110565K [0x00000000d5580000, 0x00000000df080000, 0x0000000100000000)
  eden space 104960K, 100% used [0x00000000d5580000,0x00000000dbc00000,0x00000000dbc00000)
  from space 5632K, 99% used [0x00000000dbc00000,0x00000000dc179598,0x00000000dc180000)
  to   space 6656K, 0% used [0x00000000dea00000,0x00000000dea00000,0x00000000df080000)
 ParOldGen       total 34304K, used 10011K [0x0000000080000000, 0x0000000082180000, 0x00000000d5580000)
  object space 34304K, 29% used [0x0000000080000000,0x00000000809c6eb8,0x0000000082180000)
 Metaspace       used 29052K, capacity 29530K, committed 29824K, reserved 1075200K
  class space    used 3474K, capacity 3655K, committed 3712K, reserved 1048576K
Event: 17.673 GC heap after
Heap after GC invocations=13 (full 1):
 PSYoungGen      total 148992K, used 6630K [0x00000000d5580000, 0x00000000df580000, 0x0000000100000000)
  eden space 142336K, 0% used [0x00000000d5580000,0x00000000d5580000,0x00000000de080000)
  from space 6656K, 99% used [0x00000000dea00000,0x00000000df079a70,0x00000000df080000)
  to   space 9728K, 0% used [0x00000000de080000,0x00000000de080000,0x00000000dea00000)
 ParOldGen       total 34304K, used 16068K [0x0000000080000000, 0x0000000082180000, 0x00000000d5580000)
  object space 34304K, 46% used [0x0000000080000000,0x0000000080fb12c0,0x0000000082180000)
 Metaspace       used 29052K, capacity 29530K, committed 29824K, reserved 1075200K
  class space    used 3474K, capacity 3655K, committed 3712K, reserved 1048576K
}

